<?xml version="1.0" encoding="UTF-8"?>
<!-- Generated by org.testng.reporters.JUnitReportReporter -->
<testsuite hostname="fv-az95-296" failures="0" tests="2" name="runner.TestRunner" time="32.433" errors="0" timestamp="2021-04-02T02:51:55 UTC" skipped="0">
  <testcase classname="runner.TestRunner" name="runScenario" time="0.942"/>
  <system-out/>
  <testcase classname="runner.TestRunner" name="runScenario" time="31.491"/>
  <system-out/>
</testsuite> <!-- runner.TestRunner -->
