<?xml version="1.0" encoding="UTF-8"?>
<!-- Generated by org.testng.reporters.JUnitReportReporter -->
<testsuite hostname="fv-az63-786" failures="0" tests="2" name="runner.TestRunner" time="7.824" errors="0" timestamp="2021-04-02T03:15:05 UTC" skipped="0">
  <testcase classname="runner.TestRunner" name="runScenario" time="6.849"/>
  <system-out/>
  <testcase classname="runner.TestRunner" name="runScenario" time="0.975"/>
  <system-out/>
</testsuite> <!-- runner.TestRunner -->
