<?xml version="1.0" encoding="UTF-8"?>
<!-- Generated by org.testng.reporters.JUnitReportReporter -->
<testsuite hostname="fv-az99-931" failures="0" tests="2" name="runner.TestRunner" time="9.595" errors="0" timestamp="2022-01-03T18:42:30 UTC" skipped="0">
  <testcase classname="runner.TestRunner" name="runScenario" time="1.095"/>
  <system-out/>
  <testcase classname="runner.TestRunner" name="runScenario" time="8.500"/>
  <system-out/>
</testsuite> <!-- runner.TestRunner -->
