<?xml version="1.0" encoding="UTF-8"?>
<!-- Generated by org.testng.reporters.JUnitReportReporter -->
<testsuite hostname="fv-az37-789" failures="0" tests="2" name="runner.TestRunner" time="41.060" errors="0" timestamp="2021-04-02T02:44:31 UTC" skipped="0">
  <testcase classname="runner.TestRunner" name="runScenario" time="0.857"/>
  <system-out/>
  <testcase classname="runner.TestRunner" name="runScenario" time="40.203"/>
  <system-out/>
</testsuite> <!-- runner.TestRunner -->
