<?xml version="1.0" encoding="UTF-8"?>
<!-- Generated by org.testng.reporters.JUnitReportReporter -->
<testsuite hostname="fv-az59-485" failures="0" tests="2" name="runner.TestRunner" time="30.586" errors="0" timestamp="2021-04-02T02:58:06 UTC" skipped="0">
  <testcase classname="runner.TestRunner" name="runScenario" time="29.531"/>
  <system-out/>
  <testcase classname="runner.TestRunner" name="runScenario" time="1.055"/>
  <system-out/>
</testsuite> <!-- runner.TestRunner -->
