<?xml version="1.0" encoding="UTF-8"?>
<!-- Generated by org.testng.reporters.JUnitReportReporter -->
<testsuite hostname="fv-az63-786" failures="0" tests="2" name="runner.TestRunner" time="13.810" errors="0" timestamp="2021-04-02T05:16:20 UTC" skipped="0">
  <testcase classname="runner.TestRunner" name="runScenario" time="12.731"/>
  <system-out/>
  <testcase classname="runner.TestRunner" name="runScenario" time="1.079"/>
  <system-out/>
</testsuite> <!-- runner.TestRunner -->
