<?xml version="1.0" encoding="UTF-8"?>
<!-- Generated by org.testng.reporters.JUnitReportReporter -->
<testsuite hostname="fv-az63-552" failures="0" tests="2" name="runner.TestRunner" time="4.404" errors="0" timestamp="2021-04-11T23:48:18 UTC" skipped="0">
  <testcase classname="runner.TestRunner" name="runScenario" time="0.991"/>
  <system-out/>
  <testcase classname="runner.TestRunner" name="runScenario" time="3.413"/>
  <system-out/>
</testsuite> <!-- runner.TestRunner -->
