<?xml version="1.0" encoding="UTF-8"?>
<!-- Generated by org.testng.reporters.JUnitReportReporter -->
<testsuite hostname="fv-az59-485" failures="0" tests="2" name="runner.TestRunner" time="8.513" errors="0" timestamp="2021-04-02T02:24:24 UTC" skipped="0">
  <testcase classname="runner.TestRunner" name="runScenario" time="1.086"/>
  <system-out/>
  <testcase classname="runner.TestRunner" name="runScenario" time="7.427"/>
  <system-out/>
</testsuite> <!-- runner.TestRunner -->
