<?xml version="1.0" encoding="UTF-8"?>
<!-- Generated by org.testng.reporters.JUnitReportReporter -->
<testsuite hostname="fv-az59-485" failures="0" tests="2" name="runner.TestRunner" time="30.488" errors="0" timestamp="2021-04-02T02:31:38 UTC" skipped="0">
  <testcase classname="runner.TestRunner" name="runScenario" time="1.071"/>
  <system-out/>
  <testcase classname="runner.TestRunner" name="runScenario" time="29.417"/>
  <system-out/>
</testsuite> <!-- runner.TestRunner -->
