<?xml version="1.0" encoding="UTF-8"?>
<!-- Generated by org.testng.reporters.JUnitReportReporter -->
<testsuite hostname="fv-az101-759" failures="0" tests="2" name="runner.TestRunner" time="4.738" errors="0" timestamp="2021-08-17T04:08:50 UTC" skipped="0">
  <testcase classname="runner.TestRunner" name="runScenario" time="3.933"/>
  <system-out/>
  <testcase classname="runner.TestRunner" name="runScenario" time="0.805"/>
  <system-out/>
</testsuite> <!-- runner.TestRunner -->
