<?xml version="1.0" encoding="UTF-8"?>
<!-- Generated by org.testng.reporters.JUnitReportReporter -->
<testsuite hostname="fv-az29-873" failures="0" tests="2" name="runner.TestRunner" time="26.858" errors="0" timestamp="2021-04-02T03:04:10 UTC" skipped="0">
  <testcase classname="runner.TestRunner" name="runScenario" time="1.089"/>
  <system-out/>
  <testcase classname="runner.TestRunner" name="runScenario" time="25.769"/>
  <system-out/>
</testsuite> <!-- runner.TestRunner -->
