<?xml version="1.0" encoding="UTF-8"?>
<!-- Generated by org.testng.reporters.JUnitReportReporter -->
<testsuite hostname="Karthiks-MBP.hub" failures="0" tests="2" name="runner.TestRunner" time="14.905" errors="0" timestamp="2021-04-02T12:38:45 NZDT" skipped="0">
  <testcase classname="runner.TestRunner" name="runScenario" time="10.114"/>
  <system-out/>
  <testcase classname="runner.TestRunner" name="runScenario" time="4.791"/>
  <system-out/>
</testsuite> <!-- runner.TestRunner -->
